{"/workspaces/claude/gardee-v2/frontend/src/services/api.ts": {"path":"/workspaces/claude/gardee-v2/frontend/src/services/api.ts","statementMap":{"0":{"start":{"line":3,"column":16},"end":{"line":3,"column":null}},"1":{"start":{"line":5,"column":19},"end":{"line":8,"column":null}},"2":{"start":{"line":10,"column":33},"end":{"line":10,"column":null}},"3":{"start":{"line":13,"column":2},"end":{"line":13,"column":null}},"4":{"start":{"line":16,"column":0},"end":{"line":21,"column":null}},"5":{"start":{"line":17,"column":2},"end":{"line":19,"column":null}},"6":{"start":{"line":18,"column":4},"end":{"line":18,"column":null}},"7":{"start":{"line":20,"column":2},"end":{"line":20,"column":null}},"8":{"start":{"line":23,"column":0},"end":{"line":40,"column":null}},"9":{"start":{"line":24,"column":9},"end":{"line":24,"column":null}},"10":{"start":{"line":26,"column":21},"end":{"line":26,"column":null}},"11":{"start":{"line":27,"column":4},"end":{"line":37,"column":null}},"12":{"start":{"line":28,"column":6},"end":{"line":28,"column":null}},"13":{"start":{"line":29,"column":6},"end":{"line":36,"column":null}},"14":{"start":{"line":30,"column":25},"end":{"line":30,"column":null}},"15":{"start":{"line":31,"column":8},"end":{"line":31,"column":null}},"16":{"start":{"line":32,"column":8},"end":{"line":32,"column":null}},"17":{"start":{"line":33,"column":8},"end":{"line":33,"column":null}},"18":{"start":{"line":35,"column":8},"end":{"line":35,"column":null}},"19":{"start":{"line":38,"column":4},"end":{"line":38,"column":null}}},"fnMap":{"0":{"name":"setAccessToken","decl":{"start":{"line":12,"column":16},"end":{"line":12,"column":31}},"loc":{"start":{"line":12,"column":53},"end":{"line":14,"column":null}}},"1":{"name":"(anonymous_1)","decl":{"start":{"line":16,"column":29},"end":{"line":16,"column":30}},"loc":{"start":{"line":16,"column":41},"end":{"line":21,"column":1}}},"2":{"name":"(anonymous_2)","decl":{"start":{"line":24,"column":2},"end":{"line":24,"column":3}},"loc":{"start":{"line":24,"column":9},"end":{"line":24,"column":null}}},"3":{"name":"(anonymous_3)","decl":{"start":{"line":25,"column":2},"end":{"line":25,"column":9}},"loc":{"start":{"line":25,"column":19},"end":{"line":39,"column":null}}}},"branchMap":{"0":{"loc":{"start":{"line":3,"column":16},"end":{"line":3,"column":null}},"type":"binary-expr","locations":[{"start":{"line":3,"column":16},"end":{"line":3,"column":50}},{"start":{"line":3,"column":50},"end":{"line":3,"column":null}}]},"1":{"loc":{"start":{"line":17,"column":2},"end":{"line":19,"column":null}},"type":"if","locations":[{"start":{"line":17,"column":2},"end":{"line":19,"column":null}},{"start":{},"end":{}}]},"2":{"loc":{"start":{"line":27,"column":4},"end":{"line":37,"column":null}},"type":"if","locations":[{"start":{"line":27,"column":4},"end":{"line":37,"column":null}},{"start":{},"end":{}}]},"3":{"loc":{"start":{"line":27,"column":8},"end":{"line":27,"column":60}},"type":"binary-expr","locations":[{"start":{"line":27,"column":8},"end":{"line":27,"column":42}},{"start":{"line":27,"column":42},"end":{"line":27,"column":60}}]}},"s":{"0":1,"1":1,"2":1,"3":12,"4":1,"5":2,"6":1,"7":2,"8":1,"9":1,"10":4,"11":4,"12":2,"13":2,"14":2,"15":1,"16":1,"17":1,"18":2,"19":4},"f":{"0":12,"1":2,"2":1,"3":4},"b":{"0":[1,1],"1":[1,1],"2":[2,2],"3":[4,3]}}
,"/workspaces/claude/gardee-v2/frontend/src/services/auth.ts": {"path":"/workspaces/claude/gardee-v2/frontend/src/services/auth.ts","statementMap":{"0":{"start":{"line":5,"column":19},"end":{"line":5,"column":null}},"1":{"start":{"line":6,"column":2},"end":{"line":6,"column":null}},"2":{"start":{"line":10,"column":2},"end":{"line":10,"column":null}},"3":{"start":{"line":14,"column":19},"end":{"line":14,"column":null}},"4":{"start":{"line":15,"column":2},"end":{"line":15,"column":null}},"5":{"start":{"line":19,"column":19},"end":{"line":19,"column":null}},"6":{"start":{"line":20,"column":2},"end":{"line":20,"column":null}},"7":{"start":{"line":24,"column":19},"end":{"line":24,"column":null}},"8":{"start":{"line":25,"column":2},"end":{"line":25,"column":null}},"9":{"start":{"line":29,"column":2},"end":{"line":29,"column":null}},"10":{"start":{"line":33,"column":2},"end":{"line":33,"column":null}},"11":{"start":{"line":37,"column":19},"end":{"line":37,"column":null}},"12":{"start":{"line":38,"column":2},"end":{"line":38,"column":null}},"13":{"start":{"line":42,"column":19},"end":{"line":42,"column":null}},"14":{"start":{"line":43,"column":2},"end":{"line":43,"column":null}}},"fnMap":{"0":{"name":"login","decl":{"start":{"line":4,"column":22},"end":{"line":4,"column":28}},"loc":{"start":{"line":4,"column":107},"end":{"line":7,"column":null}}},"1":{"name":"logout","decl":{"start":{"line":9,"column":22},"end":{"line":9,"column":46}},"loc":{"start":{"line":9,"column":46},"end":{"line":11,"column":null}}},"2":{"name":"refresh","decl":{"start":{"line":13,"column":22},"end":{"line":13,"column":49}},"loc":{"start":{"line":13,"column":49},"end":{"line":16,"column":null}}},"3":{"name":"getMe","decl":{"start":{"line":18,"column":22},"end":{"line":18,"column":45}},"loc":{"start":{"line":18,"column":45},"end":{"line":21,"column":null}}},"4":{"name":"getRoles","decl":{"start":{"line":23,"column":22},"end":{"line":23,"column":62}},"loc":{"start":{"line":23,"column":62},"end":{"line":26,"column":null}}},"5":{"name":"forgotPassword","decl":{"start":{"line":28,"column":22},"end":{"line":28,"column":37}},"loc":{"start":{"line":28,"column":67},"end":{"line":30,"column":null}}},"6":{"name":"resetPassword","decl":{"start":{"line":32,"column":22},"end":{"line":32,"column":36}},"loc":{"start":{"line":32,"column":84},"end":{"line":34,"column":null}}},"7":{"name":"checkEmail","decl":{"start":{"line":36,"column":22},"end":{"line":36,"column":33}},"loc":{"start":{"line":36,"column":78},"end":{"line":39,"column":null}}},"8":{"name":"register","decl":{"start":{"line":41,"column":22},"end":{"line":41,"column":31}},"loc":{"start":{"line":41,"column":139},"end":{"line":44,"column":null}}}},"branchMap":{},"s":{"0":1,"1":1,"2":1,"3":1,"4":1,"5":1,"6":1,"7":1,"8":1,"9":1,"10":1,"11":1,"12":1,"13":1,"14":1},"f":{"0":1,"1":1,"2":1,"3":1,"4":1,"5":1,"6":1,"7":1,"8":1},"b":{}}
,"/workspaces/claude/gardee-v2/frontend/src/services/requests.ts": {"path":"/workspaces/claude/gardee-v2/frontend/src/services/requests.ts","statementMap":{"0":{"start":{"line":20,"column":24},"end":{"line":20,"column":null}},"1":{"start":{"line":21,"column":2},"end":{"line":21,"column":null}},"2":{"start":{"line":25,"column":19},"end":{"line":25,"column":null}},"3":{"start":{"line":26,"column":2},"end":{"line":26,"column":null}},"4":{"start":{"line":30,"column":19},"end":{"line":30,"column":null}},"5":{"start":{"line":31,"column":2},"end":{"line":31,"column":null}},"6":{"start":{"line":35,"column":19},"end":{"line":35,"column":null}},"7":{"start":{"line":36,"column":2},"end":{"line":36,"column":null}},"8":{"start":{"line":40,"column":2},"end":{"line":40,"column":null}},"9":{"start":{"line":44,"column":2},"end":{"line":44,"column":null}},"10":{"start":{"line":48,"column":2},"end":{"line":48,"column":null}},"11":{"start":{"line":52,"column":2},"end":{"line":52,"column":null}},"12":{"start":{"line":56,"column":2},"end":{"line":56,"column":null}},"13":{"start":{"line":60,"column":2},"end":{"line":60,"column":null}},"14":{"start":{"line":64,"column":2},"end":{"line":64,"column":null}},"15":{"start":{"line":68,"column":2},"end":{"line":68,"column":null}},"16":{"start":{"line":81,"column":19},"end":{"line":81,"column":null}},"17":{"start":{"line":82,"column":2},"end":{"line":82,"column":null}},"18":{"start":{"line":86,"column":19},"end":{"line":86,"column":null}},"19":{"start":{"line":87,"column":2},"end":{"line":87,"column":null}},"20":{"start":{"line":91,"column":19},"end":{"line":91,"column":null}},"21":{"start":{"line":92,"column":2},"end":{"line":92,"column":null}},"22":{"start":{"line":96,"column":19},"end":{"line":96,"column":null}},"23":{"start":{"line":97,"column":2},"end":{"line":97,"column":null}},"24":{"start":{"line":111,"column":19},"end":{"line":111,"column":null}},"25":{"start":{"line":112,"column":2},"end":{"line":112,"column":null}},"26":{"start":{"line":126,"column":19},"end":{"line":126,"column":null}},"27":{"start":{"line":127,"column":2},"end":{"line":127,"column":null}},"28":{"start":{"line":131,"column":19},"end":{"line":131,"column":null}},"29":{"start":{"line":132,"column":2},"end":{"line":132,"column":null}}},"fnMap":{"0":{"name":"createRequest","decl":{"start":{"line":4,"column":22},"end":{"line":4,"column":36}},"loc":{"start":{"line":19,"column":28},"end":{"line":22,"column":null}}},"1":{"name":"confirmRequest","decl":{"start":{"line":24,"column":22},"end":{"line":24,"column":37}},"loc":{"start":{"line":24,"column":81},"end":{"line":27,"column":null}}},"2":{"name":"listMyRequests","decl":{"start":{"line":29,"column":22},"end":{"line":29,"column":37}},"loc":{"start":{"line":29,"column":126},"end":{"line":32,"column":null}}},"3":{"name":"listMyClientRequests","decl":{"start":{"line":34,"column":22},"end":{"line":34,"column":43}},"loc":{"start":{"line":34,"column":132},"end":{"line":37,"column":null}}},"4":{"name":"providerAccept","decl":{"start":{"line":39,"column":22},"end":{"line":39,"column":37}},"loc":{"start":{"line":39,"column":64},"end":{"line":41,"column":null}}},"5":{"name":"providerPropose","decl":{"start":{"line":43,"column":22},"end":{"line":43,"column":38}},"loc":{"start":{"line":43,"column":97},"end":{"line":45,"column":null}}},"6":{"name":"providerRefuse","decl":{"start":{"line":47,"column":22},"end":{"line":47,"column":37}},"loc":{"start":{"line":47,"column":82},"end":{"line":49,"column":null}}},"7":{"name":"providerCancel","decl":{"start":{"line":51,"column":22},"end":{"line":51,"column":37}},"loc":{"start":{"line":51,"column":64},"end":{"line":53,"column":null}}},"8":{"name":"clientAcceptProposal","decl":{"start":{"line":55,"column":22},"end":{"line":55,"column":43}},"loc":{"start":{"line":55,"column":70},"end":{"line":57,"column":null}}},"9":{"name":"markComplete","decl":{"start":{"line":59,"column":22},"end":{"line":59,"column":35}},"loc":{"start":{"line":59,"column":62},"end":{"line":61,"column":null}}},"10":{"name":"clientAcceptProposalByToken","decl":{"start":{"line":63,"column":22},"end":{"line":63,"column":50}},"loc":{"start":{"line":63,"column":80},"end":{"line":65,"column":null}}},"11":{"name":"clientRefuseProposalByToken","decl":{"start":{"line":67,"column":22},"end":{"line":67,"column":50}},"loc":{"start":{"line":67,"column":80},"end":{"line":69,"column":null}}},"12":{"name":"sendMessage","decl":{"start":{"line":80,"column":22},"end":{"line":80,"column":34}},"loc":{"start":{"line":80,"column":90},"end":{"line":83,"column":null}}},"13":{"name":"clientSendMessage","decl":{"start":{"line":85,"column":22},"end":{"line":85,"column":40}},"loc":{"start":{"line":85,"column":96},"end":{"line":88,"column":null}}},"14":{"name":"getMessages","decl":{"start":{"line":90,"column":22},"end":{"line":90,"column":34}},"loc":{"start":{"line":90,"column":103},"end":{"line":93,"column":null}}},"15":{"name":"listThreads","decl":{"start":{"line":95,"column":22},"end":{"line":95,"column":68}},"loc":{"start":{"line":95,"column":68},"end":{"line":98,"column":null}}},"16":{"name":"listClientThreads","decl":{"start":{"line":110,"column":22},"end":{"line":110,"column":80}},"loc":{"start":{"line":110,"column":80},"end":{"line":113,"column":null}}},"17":{"name":"getThreadByToken","decl":{"start":{"line":125,"column":22},"end":{"line":125,"column":39}},"loc":{"start":{"line":125,"column":134},"end":{"line":128,"column":null}}},"18":{"name":"replyByToken","decl":{"start":{"line":130,"column":22},"end":{"line":130,"column":35}},"loc":{"start":{"line":130,"column":98},"end":{"line":133,"column":null}}}},"branchMap":{"0":{"loc":{"start":{"line":87,"column":9},"end":{"line":87,"column":null}},"type":"binary-expr","locations":[{"start":{"line":87,"column":9},"end":{"line":87,"column":26}},{"start":{"line":87,"column":26},"end":{"line":87,"column":null}}]}},"s":{"0":1,"1":1,"2":1,"3":1,"4":1,"5":1,"6":1,"7":1,"8":1,"9":1,"10":1,"11":1,"12":1,"13":1,"14":1,"15":1,"16":1,"17":1,"18":2,"19":2,"20":1,"21":1,"22":1,"23":1,"24":1,"25":1,"26":1,"27":1,"28":1,"29":1},"f":{"0":1,"1":1,"2":1,"3":1,"4":1,"5":1,"6":1,"7":1,"8":1,"9":1,"10":1,"11":1,"12":1,"13":2,"14":1,"15":1,"16":1,"17":1,"18":1},"b":{"0":[2,1]}}
,"/workspaces/claude/gardee-v2/frontend/src/services/reviews.ts": {"path":"/workspaces/claude/gardee-v2/frontend/src/services/reviews.ts","statementMap":{"0":{"start":{"line":5,"column":19},"end":{"line":5,"column":null}},"1":{"start":{"line":6,"column":2},"end":{"line":6,"column":null}},"2":{"start":{"line":15,"column":2},"end":{"line":15,"column":null}}},"fnMap":{"0":{"name":"validateToken","decl":{"start":{"line":4,"column":22},"end":{"line":4,"column":36}},"loc":{"start":{"line":4,"column":51},"end":{"line":7,"column":null}}},"1":{"name":"submitReview","decl":{"start":{"line":9,"column":22},"end":{"line":9,"column":35}},"loc":{"start":{"line":14,"column":18},"end":{"line":16,"column":null}}}},"branchMap":{},"s":{"0":1,"1":1,"2":1},"f":{"0":1,"1":1},"b":{}}
,"/workspaces/claude/gardee-v2/frontend/src/services/users.ts": {"path":"/workspaces/claude/gardee-v2/frontend/src/services/users.ts","statementMap":{"0":{"start":{"line":9,"column":19},"end":{"line":9,"column":null}},"1":{"start":{"line":10,"column":2},"end":{"line":10,"column":null}},"2":{"start":{"line":16,"column":19},"end":{"line":16,"column":null}},"3":{"start":{"line":17,"column":2},"end":{"line":17,"column":null}},"4":{"start":{"line":21,"column":19},"end":{"line":21,"column":null}},"5":{"start":{"line":22,"column":2},"end":{"line":22,"column":null}},"6":{"start":{"line":26,"column":19},"end":{"line":26,"column":null}},"7":{"start":{"line":27,"column":2},"end":{"line":27,"column":null}},"8":{"start":{"line":31,"column":19},"end":{"line":31,"column":null}},"9":{"start":{"line":32,"column":2},"end":{"line":32,"column":null}},"10":{"start":{"line":36,"column":19},"end":{"line":38,"column":null}},"11":{"start":{"line":39,"column":2},"end":{"line":39,"column":null}},"12":{"start":{"line":43,"column":2},"end":{"line":45,"column":null}},"13":{"start":{"line":52,"column":2},"end":{"line":52,"column":null}},"14":{"start":{"line":56,"column":2},"end":{"line":56,"column":null}}},"fnMap":{"0":{"name":"searchPrestataires","decl":{"start":{"line":4,"column":22},"end":{"line":4,"column":41}},"loc":{"start":{"line":8,"column":35},"end":{"line":11,"column":null}}},"1":{"name":"getRanking","decl":{"start":{"line":13,"column":22},"end":{"line":13,"column":33}},"loc":{"start":{"line":15,"column":35},"end":{"line":18,"column":null}}},"2":{"name":"getPrestataire","decl":{"start":{"line":20,"column":22},"end":{"line":20,"column":37}},"loc":{"start":{"line":20,"column":64},"end":{"line":23,"column":null}}},"3":{"name":"getReviews","decl":{"start":{"line":25,"column":22},"end":{"line":25,"column":33}},"loc":{"start":{"line":25,"column":91},"end":{"line":28,"column":null}}},"4":{"name":"getMyProfile","decl":{"start":{"line":30,"column":22},"end":{"line":30,"column":52}},"loc":{"start":{"line":30,"column":52},"end":{"line":33,"column":null}}},"5":{"name":"updateMyProfile","decl":{"start":{"line":35,"column":22},"end":{"line":35,"column":38}},"loc":{"start":{"line":35,"column":73},"end":{"line":40,"column":null}}},"6":{"name":"registerPrestataire","decl":{"start":{"line":42,"column":22},"end":{"line":42,"column":42}},"loc":{"start":{"line":42,"column":77},"end":{"line":46,"column":null}}},"7":{"name":"registerClient","decl":{"start":{"line":48,"column":22},"end":{"line":48,"column":37}},"loc":{"start":{"line":51,"column":18},"end":{"line":53,"column":null}}},"8":{"name":"changePassword","decl":{"start":{"line":55,"column":22},"end":{"line":55,"column":37}},"loc":{"start":{"line":55,"column":98},"end":{"line":57,"column":null}}}},"branchMap":{},"s":{"0":1,"1":1,"2":1,"3":1,"4":1,"5":1,"6":1,"7":1,"8":1,"9":1,"10":1,"11":1,"12":1,"13":1,"14":1},"f":{"0":1,"1":1,"2":1,"3":1,"4":1,"5":1,"6":1,"7":1,"8":1},"b":{}}
,"/workspaces/claude/gardee-v2/frontend/src/stores/auth.ts": {"path":"/workspaces/claude/gardee-v2/frontend/src/stores/auth.ts","statementMap":{"0":{"start":{"line":7,"column":28},"end":{"line":59,"column":null}},"1":{"start":{"line":8,"column":15},"end":{"line":8,"column":null}},"2":{"start":{"line":9,"column":22},"end":{"line":9,"column":null}},"3":{"start":{"line":11,"column":21},"end":{"line":11,"column":null}},"4":{"start":{"line":11,"column":36},"end":{"line":11,"column":55}},"5":{"start":{"line":12,"column":24},"end":{"line":12,"column":null}},"6":{"start":{"line":12,"column":39},"end":{"line":12,"column":137}},"7":{"start":{"line":13,"column":18},"end":{"line":13,"column":null}},"8":{"start":{"line":13,"column":33},"end":{"line":13,"column":93}},"9":{"start":{"line":14,"column":18},"end":{"line":14,"column":null}},"10":{"start":{"line":14,"column":33},"end":{"line":14,"column":61}},"11":{"start":{"line":18,"column":16},"end":{"line":18,"column":null}},"12":{"start":{"line":19,"column":4},"end":{"line":19,"column":null}},"13":{"start":{"line":20,"column":4},"end":{"line":20,"column":null}},"14":{"start":{"line":21,"column":4},"end":{"line":21,"column":null}},"15":{"start":{"line":25,"column":4},"end":{"line":25,"column":null}},"16":{"start":{"line":26,"column":4},"end":{"line":26,"column":null}},"17":{"start":{"line":27,"column":4},"end":{"line":27,"column":null}},"18":{"start":{"line":28,"column":4},"end":{"line":28,"column":null}},"19":{"start":{"line":32,"column":4},"end":{"line":43,"column":null}},"20":{"start":{"line":33,"column":20},"end":{"line":33,"column":null}},"21":{"start":{"line":34,"column":6},"end":{"line":34,"column":null}},"22":{"start":{"line":35,"column":6},"end":{"line":35,"column":null}},"23":{"start":{"line":36,"column":6},"end":{"line":36,"column":null}},"24":{"start":{"line":37,"column":6},"end":{"line":37,"column":null}},"25":{"start":{"line":39,"column":6},"end":{"line":39,"column":null}},"26":{"start":{"line":40,"column":6},"end":{"line":40,"column":null}},"27":{"start":{"line":41,"column":6},"end":{"line":41,"column":null}},"28":{"start":{"line":42,"column":6},"end":{"line":42,"column":null}},"29":{"start":{"line":47,"column":4},"end":{"line":47,"column":null}},"30":{"start":{"line":47,"column":28},"end":{"line":47,"column":null}},"31":{"start":{"line":48,"column":4},"end":{"line":48,"column":null}},"32":{"start":{"line":49,"column":4},"end":{"line":53,"column":null}},"33":{"start":{"line":50,"column":6},"end":{"line":50,"column":null}},"34":{"start":{"line":52,"column":6},"end":{"line":52,"column":null}},"35":{"start":{"line":56,"column":2},"end":{"line":56,"column":null}}},"fnMap":{"0":{"name":"(anonymous_0)","decl":{"start":{"line":7,"column":48},"end":{"line":7,"column":54}},"loc":{"start":{"line":7,"column":54},"end":{"line":57,"column":3}}},"1":{"name":"(anonymous_1)","decl":{"start":{"line":11,"column":30},"end":{"line":11,"column":36}},"loc":{"start":{"line":11,"column":36},"end":{"line":11,"column":55}}},"2":{"name":"(anonymous_2)","decl":{"start":{"line":12,"column":33},"end":{"line":12,"column":39}},"loc":{"start":{"line":12,"column":39},"end":{"line":12,"column":137}}},"3":{"name":"(anonymous_3)","decl":{"start":{"line":13,"column":27},"end":{"line":13,"column":33}},"loc":{"start":{"line":13,"column":33},"end":{"line":13,"column":93}}},"4":{"name":"(anonymous_4)","decl":{"start":{"line":14,"column":27},"end":{"line":14,"column":33}},"loc":{"start":{"line":14,"column":33},"end":{"line":14,"column":61}}},"5":{"name":"login","decl":{"start":{"line":17,"column":17},"end":{"line":17,"column":23}},"loc":{"start":{"line":17,"column":56},"end":{"line":22,"column":null}}},"6":{"name":"logout","decl":{"start":{"line":24,"column":17},"end":{"line":24,"column":26}},"loc":{"start":{"line":24,"column":26},"end":{"line":29,"column":null}}},"7":{"name":"(anonymous_7)","decl":{"start":{"line":25,"column":37},"end":{"line":25,"column":43}},"loc":{"start":{"line":25,"column":43},"end":{"line":25,"column":45}}},"8":{"name":"tryRefresh","decl":{"start":{"line":31,"column":17},"end":{"line":31,"column":48}},"loc":{"start":{"line":31,"column":48},"end":{"line":44,"column":null}}},"9":{"name":"fetchMe","decl":{"start":{"line":46,"column":17},"end":{"line":46,"column":27}},"loc":{"start":{"line":46,"column":27},"end":{"line":54,"column":null}}}},"branchMap":{"0":{"loc":{"start":{"line":12,"column":39},"end":{"line":12,"column":137}},"type":"binary-expr","locations":[{"start":{"line":12,"column":39},"end":{"line":12,"column":77}},{"start":{"line":12,"column":77},"end":{"line":12,"column":109}},{"start":{"line":12,"column":109},"end":{"line":12,"column":137}}]},"1":{"loc":{"start":{"line":13,"column":33},"end":{"line":13,"column":93}},"type":"binary-expr","locations":[{"start":{"line":13,"column":33},"end":{"line":13,"column":65}},{"start":{"line":13,"column":65},"end":{"line":13,"column":93}}]},"2":{"loc":{"start":{"line":47,"column":4},"end":{"line":47,"column":null}},"type":"if","locations":[{"start":{"line":47,"column":4},"end":{"line":47,"column":null}},{"start":{},"end":{}}]}},"s":{"0":1,"1":15,"2":15,"3":15,"4":2,"5":15,"6":3,"7":15,"8":2,"9":15,"10":3,"11":1,"12":1,"13":1,"14":1,"15":2,"16":2,"17":2,"18":2,"19":3,"20":3,"21":1,"22":1,"23":1,"24":1,"25":2,"26":2,"27":2,"28":2,"29":3,"30":1,"31":2,"32":2,"33":2,"34":1,"35":15},"f":{"0":15,"1":2,"2":3,"3":2,"4":3,"5":1,"6":2,"7":1,"8":3,"9":3},"b":{"0":[3,2,1],"1":[2,1],"2":[1,2]}}
,"/workspaces/claude/gardee-v2/frontend/src/stores/categories.ts": {"path":"/workspaces/claude/gardee-v2/frontend/src/stores/categories.ts","statementMap":{"0":{"start":{"line":6,"column":34},"end":{"line":18,"column":null}},"1":{"start":{"line":7,"column":21},"end":{"line":7,"column":null}},"2":{"start":{"line":8,"column":17},"end":{"line":8,"column":null}},"3":{"start":{"line":11,"column":4},"end":{"line":11,"column":null}},"4":{"start":{"line":11,"column":22},"end":{"line":11,"column":null}},"5":{"start":{"line":12,"column":21},"end":{"line":12,"column":null}},"6":{"start":{"line":13,"column":4},"end":{"line":13,"column":null}},"7":{"start":{"line":14,"column":4},"end":{"line":14,"column":null}},"8":{"start":{"line":17,"column":2},"end":{"line":17,"column":null}}},"fnMap":{"0":{"name":"(anonymous_0)","decl":{"start":{"line":6,"column":60},"end":{"line":6,"column":66}},"loc":{"start":{"line":6,"column":66},"end":{"line":18,"column":1}}},"1":{"name":"load","decl":{"start":{"line":10,"column":17},"end":{"line":10,"column":24}},"loc":{"start":{"line":10,"column":24},"end":{"line":15,"column":null}}}},"branchMap":{"0":{"loc":{"start":{"line":11,"column":4},"end":{"line":11,"column":null}},"type":"if","locations":[{"start":{"line":11,"column":4},"end":{"line":11,"column":null}},{"start":{},"end":{}}]}},"s":{"0":1,"1":3,"2":3,"3":3,"4":1,"5":2,"6":2,"7":2,"8":3},"f":{"0":3,"1":3},"b":{"0":[1,2]}}
,"/workspaces/claude/gardee-v2/frontend/src/stores/toast.ts": {"path":"/workspaces/claude/gardee-v2/frontend/src/stores/toast.ts","statementMap":{"0":{"start":{"line":12,"column":14},"end":{"line":12,"column":null}},"1":{"start":{"line":14,"column":29},"end":{"line":29,"column":null}},"2":{"start":{"line":15,"column":17},"end":{"line":15,"column":null}},"3":{"start":{"line":18,"column":15},"end":{"line":18,"column":null}},"4":{"start":{"line":19,"column":4},"end":{"line":19,"column":null}},"5":{"start":{"line":20,"column":4},"end":{"line":20,"column":null}},"6":{"start":{"line":20,"column":21},"end":{"line":20,"column":34}},"7":{"start":{"line":24,"column":16},"end":{"line":24,"column":null}},"8":{"start":{"line":24,"column":44},"end":{"line":24,"column":55}},"9":{"start":{"line":25,"column":4},"end":{"line":25,"column":null}},"10":{"start":{"line":25,"column":18},"end":{"line":25,"column":null}},"11":{"start":{"line":28,"column":2},"end":{"line":28,"column":null}}},"fnMap":{"0":{"name":"(anonymous_0)","decl":{"start":{"line":14,"column":50},"end":{"line":14,"column":56}},"loc":{"start":{"line":14,"column":56},"end":{"line":29,"column":1}}},"1":{"name":"show","decl":{"start":{"line":17,"column":11},"end":{"line":17,"column":16}},"loc":{"start":{"line":17,"column":76},"end":{"line":21,"column":null}}},"2":{"name":"(anonymous_2)","decl":{"start":{"line":20,"column":15},"end":{"line":20,"column":21}},"loc":{"start":{"line":20,"column":21},"end":{"line":20,"column":34}}},"3":{"name":"dismiss","decl":{"start":{"line":23,"column":11},"end":{"line":23,"column":19}},"loc":{"start":{"line":23,"column":31},"end":{"line":26,"column":null}}},"4":{"name":"(anonymous_4)","decl":{"start":{"line":24,"column":39},"end":{"line":24,"column":44}},"loc":{"start":{"line":24,"column":44},"end":{"line":24,"column":55}}}},"branchMap":{"0":{"loc":{"start":{"line":17,"column":33},"end":{"line":17,"column":59}},"type":"default-arg","locations":[{"start":{"line":17,"column":51},"end":{"line":17,"column":59}}]},"1":{"loc":{"start":{"line":17,"column":59},"end":{"line":17,"column":76}},"type":"default-arg","locations":[{"start":{"line":17,"column":70},"end":{"line":17,"column":76}}]},"2":{"loc":{"start":{"line":25,"column":4},"end":{"line":25,"column":null}},"type":"if","locations":[{"start":{"line":25,"column":4},"end":{"line":25,"column":null}},{"start":{},"end":{}}]}},"s":{"0":1,"1":1,"2":8,"3":11,"4":11,"5":11,"6":2,"7":4,"8":4,"9":4,"10":3,"11":8},"f":{"0":8,"1":11,"2":2,"3":4,"4":4},"b":{"0":[8],"1":[10],"2":[3,1]}}
}
